d:\documents\github\fm\fm\debug\vc140.pdb
d:\documents\github\fm\fm\debug\vc140.idb
d:\documents\github\fm\fm\debug\login_out.obj
d:\documents\github\fm\fm\debug\cjson.obj
d:\documents\github\fm\fm\debug\playlist.obj
d:\documents\github\fm\fm\debug\main.obj
d:\documents\github\fm\fm\debug\play.obj
d:\documents\github\fm\fm\debug\list.obj
d:\documents\github\fm\fm\debug\player.obj
d:\documents\github\fm\fm\debug\download.obj
d:\documents\github\fm\fm\debug\uprintf.obj
d:\documents\github\fm\debug\fm.ilk
d:\documents\github\fm\debug\fm.exe
d:\documents\github\fm\debug\fm.pdb
d:\documents\github\fm\fm\debug\fm.tlog\cl.command.1.tlog
d:\documents\github\fm\fm\debug\fm.tlog\cl.read.1.tlog
d:\documents\github\fm\fm\debug\fm.tlog\cl.write.1.tlog
d:\documents\github\fm\fm\debug\fm.tlog\link.command.1.tlog
d:\documents\github\fm\fm\debug\fm.tlog\link.read.1.tlog
d:\documents\github\fm\fm\debug\fm.tlog\link.write.1.tlog
