生成启动时间为 2017/4/25 18:26:11。
     1>项目“D:\Documents\GitHub\FM\FM\FM.vcxproj”在节点 2 上(Build 个目标)。
     1>ResourceCompile:
         C:\Program Files (x86)\Windows Kits\8.1\bin\x86\rc.exe /l"0x0409" /nologo /fo"Debug\Resource.res" Resource.rc 
       Link:
         D:\Program\Microsoft Visual Studio 14.0\VC\bin\link.exe /ERRORREPORT:PROMPT /OUT:"D:\Documents\GitHub\FM\Debug\FM.exe" /INCREMENTAL /NOLOGO Winmm.lib easyx.lib libcurl.lib kernel32.lib user32.lib gdi32.lib winspool.lib comdlg32.lib advapi32.lib shell32.lib ole32.lib oleaut32.lib uuid.lib odbc32.lib odbccp32.lib kernel32.lib user32.lib gdi32.lib winspool.lib comdlg32.lib advapi32.lib shell32.lib ole32.lib oleaut32.lib uuid.lib odbc32.lib odbccp32.lib /MANIFEST /MANIFESTUAC:"level='asInvoker' uiAccess='false'" /manifest:embed /Debug /PDB:"D:\Documents\GitHub\FM\Debug\FM.pdb" /TLBID:1 /DYNAMICBASE /NXCOMPAT /IMPLIB:"D:\Documents\GitHub\FM\Debug\FM.lib" /MACHINE:X86 Debug\Resource.res
         Debug\cJSON.obj
         Debug\file_manage.obj
         Debug\gui.obj
         Debug\load.obj
         Debug\login_out.obj
         Debug\main.obj
         Debug\download.obj
         Debug\personal_post.obj
         Debug\player.obj
         Debug\playlist.obj
         FM.vcxproj -> D:\Documents\GitHub\FM\Debug\FM.exe
     1>已完成生成项目“D:\Documents\GitHub\FM\FM\FM.vcxproj”(Build 个目标)的操作。

已成功生成。

已用时间 00:00:01.66
